{"C:\\Users\\yaelh\\OneDrive\\Desktop\\school_apps\\new\\first_app\\src\\server.ts": {"path":"C:\\Users\\yaelh\\OneDrive\\Desktop\\school_apps\\new\\first_app\\src\\server.ts","statementMap":{"0":{"start":{"line":1,"column":0},"end":{"line":1,"column":30}},"1":{"start":{"line":2,"column":0},"end":{"line":2,"column":32}},"2":{"start":{"line":3,"column":0},"end":{"line":3,"column":37}},"3":{"start":{"line":4,"column":0},"end":{"line":4,"column":28}},"4":{"start":{"line":5,"column":0},"end":{"line":5,"column":51}},"5":{"start":{"line":6,"column":0},"end":{"line":6,"column":57}},"6":{"start":{"line":7,"column":0},"end":{"line":7,"column":38}},"7":{"start":{"line":8,"column":0},"end":{"line":8,"column":49}},"8":{"start":{"line":9,"column":0},"end":{"line":9,"column":51}},"9":{"start":{"line":10,"column":0},"end":{"line":10,"column":43}},"10":{"start":{"line":11,"column":0},"end":{"line":11,"column":41}},"11":{"start":{"line":13,"column":0},"end":{"line":13,"column":16}},"12":{"start":{"line":14,"column":13},"end":{"line":14,"column":29}},"13":{"start":{"line":15,"column":12},"end":{"line":15,"column":21}},"14":{"start":{"line":17,"column":0},"end":{"line":17,"column":null}},"15":{"start":{"line":18,"column":0},"end":{"line":18,"column":51}},"16":{"start":{"line":20,"column":0},"end":{"line":20,"column":29}},"17":{"start":{"line":21,"column":0},"end":{"line":21,"column":31}},"18":{"start":{"line":22,"column":0},"end":{"line":22,"column":37}},"19":{"start":{"line":23,"column":0},"end":{"line":23,"column":31}},"20":{"start":{"line":25,"column":16},"end":{"line":36,"column":2}},"21":{"start":{"line":37,"column":14},"end":{"line":37,"column":35}},"22":{"start":{"line":38,"column":0},"end":{"line":38,"column":62}},"23":{"start":{"line":41,"column":11},"end":{"line":41,"column":30}},"24":{"start":{"line":42,"column":0},"end":{"line":42,"column":55}},"25":{"start":{"line":42,"column":33},"end":{"line":42,"column":53}},"26":{"start":{"line":43,"column":0},"end":{"line":43,"column":60}},"27":{"start":{"line":43,"column":22},"end":{"line":43,"column":58}},"28":{"start":{"line":45,"column":23},"end":{"line":60,"column":1}},"29":{"start":{"line":46,"column":4},"end":{"line":59,"column":7}},"30":{"start":{"line":47,"column":8},"end":{"line":58,"column":9}},"31":{"start":{"line":48,"column":12},"end":{"line":48,"column":64}},"32":{"start":{"line":50,"column":12},"end":{"line":57,"column":19}},"33":{"start":{"line":53,"column":20},"end":{"line":53,"column":33}},"34":{"start":{"line":56,"column":20},"end":{"line":56,"column":34}},"35":{"start":{"line":45,"column":13},"end":{"line":45,"column":23}}},"fnMap":{"0":{"name":"(anonymous_1)","decl":{"start":{"line":42,"column":15},"end":{"line":42,"column":16}},"loc":{"start":{"line":42,"column":33},"end":{"line":42,"column":53}}},"1":{"name":"(anonymous_2)","decl":{"start":{"line":43,"column":16},"end":{"line":43,"column":19}},"loc":{"start":{"line":43,"column":22},"end":{"line":43,"column":58}}},"2":{"name":"(anonymous_3)","decl":{"start":{"line":45,"column":23},"end":{"line":45,"column":26}},"loc":{"start":{"line":45,"column":28},"end":{"line":60,"column":1}}},"3":{"name":"(anonymous_4)","decl":{"start":{"line":46,"column":28},"end":{"line":46,"column":29}},"loc":{"start":{"line":46,"column":48},"end":{"line":59,"column":5}}},"4":{"name":"(anonymous_5)","decl":{"start":{"line":52,"column":18},"end":{"line":52,"column":21}},"loc":{"start":{"line":52,"column":23},"end":{"line":54,"column":17}}},"5":{"name":"(anonymous_6)","decl":{"start":{"line":55,"column":23},"end":{"line":55,"column":24}},"loc":{"start":{"line":55,"column":33},"end":{"line":57,"column":17}}}},"branchMap":{"0":{"loc":{"start":{"line":47,"column":8},"end":{"line":58,"column":9}},"type":"if","locations":[{"start":{"line":47,"column":8},"end":{"line":58,"column":9}},{"start":{"line":49,"column":15},"end":{"line":58,"column":9}}]}},"s":{"0":4,"1":4,"2":4,"3":4,"4":4,"5":4,"6":4,"7":4,"8":4,"9":4,"10":4,"11":4,"12":4,"13":4,"14":4,"15":4,"16":4,"17":4,"18":4,"19":4,"20":4,"21":4,"22":4,"23":4,"24":4,"25":0,"26":4,"27":4,"28":4,"29":4,"30":4,"31":0,"32":4,"33":4,"34":0,"35":4},"f":{"0":0,"1":4,"2":4,"3":4,"4":4,"5":0},"b":{"0":[0,4]}}
,"C:\\Users\\yaelh\\OneDrive\\Desktop\\school_apps\\new\\first_app\\src\\controllers\\auth_controller.ts": {"path":"C:\\Users\\yaelh\\OneDrive\\Desktop\\school_apps\\new\\first_app\\src\\controllers\\auth_controller.ts","statementMap":{"0":{"start":{"line":2,"column":0},"end":{"line":2,"column":31}},"1":{"start":{"line":3,"column":0},"end":{"line":3,"column":28}},"2":{"start":{"line":4,"column":0},"end":{"line":4,"column":57}},"3":{"start":{"line":7,"column":24},"end":{"line":21,"column":2}},"4":{"start":{"line":7,"column":62},"end":{"line":21,"column":2}},"5":{"start":{"line":8,"column":4},"end":{"line":20,"column":5}},"6":{"start":{"line":9,"column":46},"end":{"line":9,"column":54}},"7":{"start":{"line":10,"column":21},"end":{"line":10,"column":45}},"8":{"start":{"line":11,"column":31},"end":{"line":11,"column":64}},"9":{"start":{"line":12,"column":21},"end":{"line":16,"column":10}},"10":{"start":{"line":17,"column":8},"end":{"line":17,"column":35}},"11":{"start":{"line":19,"column":8},"end":{"line":19,"column":34}},"12":{"start":{"line":7,"column":13},"end":{"line":7,"column":24}},"13":{"start":{"line":27,"column":29},"end":{"line":50,"column":1}},"14":{"start":{"line":28,"column":4},"end":{"line":30,"column":5}},"15":{"start":{"line":29,"column":8},"end":{"line":29,"column":20}},"16":{"start":{"line":32,"column":19},"end":{"line":32,"column":43}},"17":{"start":{"line":33,"column":24},"end":{"line":38,"column":56}},"18":{"start":{"line":40,"column":25},"end":{"line":45,"column":60}},"19":{"start":{"line":46,"column":4},"end":{"line":49,"column":6}},"20":{"start":{"line":27,"column":13},"end":{"line":27,"column":29}},"21":{"start":{"line":52,"column":21},"end":{"line":89,"column":2}},"22":{"start":{"line":52,"column":59},"end":{"line":89,"column":2}},"23":{"start":{"line":53,"column":4},"end":{"line":88,"column":5}},"24":{"start":{"line":54,"column":21},"end":{"line":54,"column":71}},"25":{"start":{"line":55,"column":8},"end":{"line":58,"column":9}},"26":{"start":{"line":56,"column":12},"end":{"line":56,"column":60}},"27":{"start":{"line":57,"column":12},"end":{"line":57,"column":19}},"28":{"start":{"line":59,"column":30},"end":{"line":59,"column":84}},"29":{"start":{"line":60,"column":8},"end":{"line":63,"column":9}},"30":{"start":{"line":61,"column":12},"end":{"line":61,"column":60}},"31":{"start":{"line":62,"column":12},"end":{"line":62,"column":19}},"32":{"start":{"line":64,"column":8},"end":{"line":67,"column":9}},"33":{"start":{"line":65,"column":12},"end":{"line":65,"column":49}},"34":{"start":{"line":66,"column":12},"end":{"line":66,"column":19}},"35":{"start":{"line":69,"column":23},"end":{"line":69,"column":46}},"36":{"start":{"line":70,"column":8},"end":{"line":73,"column":9}},"37":{"start":{"line":71,"column":12},"end":{"line":71,"column":49}},"38":{"start":{"line":72,"column":12},"end":{"line":72,"column":19}},"39":{"start":{"line":74,"column":8},"end":{"line":78,"column":9}},"40":{"start":{"line":75,"column":12},"end":{"line":75,"column":54}},"41":{"start":{"line":77,"column":12},"end":{"line":77,"column":56}},"42":{"start":{"line":80,"column":8},"end":{"line":80,"column":null}},"43":{"start":{"line":81,"column":8},"end":{"line":85,"column":11}},"44":{"start":{"line":87,"column":8},"end":{"line":87,"column":34}},"45":{"start":{"line":52,"column":13},"end":{"line":52,"column":21}},"46":{"start":{"line":96,"column":34},"end":{"line":142,"column":1}},"47":{"start":{"line":97,"column":4},"end":{"line":141,"column":7}},"48":{"start":{"line":99,"column":8},"end":{"line":102,"column":9}},"49":{"start":{"line":100,"column":12},"end":{"line":100,"column":27}},"50":{"start":{"line":101,"column":12},"end":{"line":101,"column":19}},"51":{"start":{"line":104,"column":8},"end":{"line":107,"column":9}},"52":{"start":{"line":105,"column":12},"end":{"line":105,"column":27}},"53":{"start":{"line":106,"column":12},"end":{"line":106,"column":19}},"54":{"start":{"line":108,"column":8},"end":{"line":140,"column":11}},"55":{"start":{"line":108,"column":114},"end":{"line":140,"column":10}},"56":{"start":{"line":109,"column":12},"end":{"line":112,"column":13}},"57":{"start":{"line":110,"column":16},"end":{"line":110,"column":31}},"58":{"start":{"line":111,"column":16},"end":{"line":111,"column":22}},"59":{"start":{"line":114,"column":27},"end":{"line":114,"column":38}},"60":{"start":{"line":116,"column":12},"end":{"line":139,"column":13}},"61":{"start":{"line":118,"column":29},"end":{"line":118,"column":61}},"62":{"start":{"line":119,"column":16},"end":{"line":122,"column":17}},"63":{"start":{"line":120,"column":20},"end":{"line":120,"column":35}},"64":{"start":{"line":121,"column":20},"end":{"line":121,"column":27}},"65":{"start":{"line":124,"column":16},"end":{"line":130,"column":17}},"66":{"start":{"line":125,"column":20},"end":{"line":125,"column":43}},"67":{"start":{"line":126,"column":20},"end":{"line":126,"column":38}},"68":{"start":{"line":128,"column":20},"end":{"line":128,"column":35}},"69":{"start":{"line":129,"column":20},"end":{"line":129,"column":27}},"70":{"start":{"line":131,"column":31},"end":{"line":131,"column":91}},"71":{"start":{"line":131,"column":68},"end":{"line":131,"column":90}},"72":{"start":{"line":133,"column":16},"end":{"line":133,"column":43}},"73":{"start":{"line":135,"column":16},"end":{"line":135,"column":30}},"74":{"start":{"line":137,"column":16},"end":{"line":137,"column":31}},"75":{"start":{"line":138,"column":16},"end":{"line":138,"column":23}},"76":{"start":{"line":96,"column":13},"end":{"line":96,"column":34}},"77":{"start":{"line":144,"column":28},"end":{"line":173,"column":2}},"78":{"start":{"line":144,"column":66},"end":{"line":173,"column":2}},"79":{"start":{"line":145,"column":4},"end":{"line":172,"column":5}},"80":{"start":{"line":146,"column":21},"end":{"line":146,"column":68}},"81":{"start":{"line":147,"column":8},"end":{"line":150,"column":9}},"82":{"start":{"line":148,"column":12},"end":{"line":148,"column":41}},"83":{"start":{"line":149,"column":12},"end":{"line":149,"column":19}},"84":{"start":{"line":151,"column":23},"end":{"line":151,"column":46}},"85":{"start":{"line":153,"column":8},"end":{"line":156,"column":9}},"86":{"start":{"line":154,"column":12},"end":{"line":154,"column":49}},"87":{"start":{"line":155,"column":12},"end":{"line":155,"column":19}},"88":{"start":{"line":157,"column":8},"end":{"line":159,"column":9}},"89":{"start":{"line":158,"column":12},"end":{"line":158,"column":35}},"90":{"start":{"line":160,"column":8},"end":{"line":160,"column":52}},"91":{"start":{"line":161,"column":8},"end":{"line":161,"column":26}},"92":{"start":{"line":163,"column":8},"end":{"line":168,"column":15}},"93":{"start":{"line":171,"column":8},"end":{"line":171,"column":37}},"94":{"start":{"line":144,"column":13},"end":{"line":144,"column":28}},"95":{"start":{"line":175,"column":22},"end":{"line":183,"column":2}},"96":{"start":{"line":175,"column":60},"end":{"line":183,"column":2}},"97":{"start":{"line":176,"column":4},"end":{"line":182,"column":5}},"98":{"start":{"line":177,"column":21},"end":{"line":177,"column":68}},"99":{"start":{"line":178,"column":8},"end":{"line":178,"column":26}},"100":{"start":{"line":179,"column":8},"end":{"line":179,"column":40}},"101":{"start":{"line":181,"column":8},"end":{"line":181,"column":37}},"102":{"start":{"line":175,"column":13},"end":{"line":175,"column":22}},"103":{"start":{"line":189,"column":30},"end":{"line":210,"column":1}},"104":{"start":{"line":190,"column":26},"end":{"line":190,"column":53}},"105":{"start":{"line":191,"column":18},"end":{"line":191,"column":62}},"106":{"start":{"line":193,"column":4},"end":{"line":196,"column":5}},"107":{"start":{"line":194,"column":8},"end":{"line":194,"column":46}},"108":{"start":{"line":195,"column":8},"end":{"line":195,"column":15}},"109":{"start":{"line":197,"column":4},"end":{"line":200,"column":5}},"110":{"start":{"line":198,"column":8},"end":{"line":198,"column":45}},"111":{"start":{"line":199,"column":8},"end":{"line":199,"column":15}},"112":{"start":{"line":202,"column":4},"end":{"line":209,"column":7}},"113":{"start":{"line":203,"column":8},"end":{"line":206,"column":9}},"114":{"start":{"line":204,"column":12},"end":{"line":204,"column":50}},"115":{"start":{"line":205,"column":12},"end":{"line":205,"column":19}},"116":{"start":{"line":207,"column":8},"end":{"line":207,"column":53}},"117":{"start":{"line":208,"column":8},"end":{"line":208,"column":15}},"118":{"start":{"line":189,"column":13},"end":{"line":189,"column":30}}},"fnMap":{"0":{"name":"(anonymous_8)","decl":{"start":{"line":7,"column":24},"end":{"line":7,"column":31}},"loc":{"start":{"line":7,"column":62},"end":{"line":21,"column":2}}},"1":{"name":"(anonymous_9)","decl":{"start":{"line":7,"column":62},"end":{"line":7,"column":null}},"loc":{"start":{"line":7,"column":62},"end":{"line":21,"column":1}}},"2":{"name":"(anonymous_10)","decl":{"start":{"line":27,"column":29},"end":{"line":27,"column":30}},"loc":{"start":{"line":27,"column":64},"end":{"line":50,"column":1}}},"3":{"name":"(anonymous_11)","decl":{"start":{"line":52,"column":21},"end":{"line":52,"column":28}},"loc":{"start":{"line":52,"column":59},"end":{"line":89,"column":2}}},"4":{"name":"(anonymous_12)","decl":{"start":{"line":52,"column":59},"end":{"line":52,"column":null}},"loc":{"start":{"line":52,"column":59},"end":{"line":89,"column":1}}},"5":{"name":"(anonymous_13)","decl":{"start":{"line":96,"column":34},"end":{"line":96,"column":35}},"loc":{"start":{"line":96,"column":71},"end":{"line":142,"column":1}}},"6":{"name":"(anonymous_14)","decl":{"start":{"line":97,"column":30},"end":{"line":97,"column":31}},"loc":{"start":{"line":97,"column":50},"end":{"line":141,"column":5}}},"7":{"name":"(anonymous_15)","decl":{"start":{"line":108,"column":67},"end":{"line":108,"column":74}},"loc":{"start":{"line":108,"column":114},"end":{"line":140,"column":10}}},"8":{"name":"(anonymous_16)","decl":{"start":{"line":108,"column":114},"end":{"line":108,"column":null}},"loc":{"start":{"line":108,"column":114},"end":{"line":140,"column":9}}},"9":{"name":"(anonymous_17)","decl":{"start":{"line":131,"column":57},"end":{"line":131,"column":58}},"loc":{"start":{"line":131,"column":68},"end":{"line":131,"column":90}}},"10":{"name":"(anonymous_18)","decl":{"start":{"line":144,"column":28},"end":{"line":144,"column":35}},"loc":{"start":{"line":144,"column":66},"end":{"line":173,"column":2}}},"11":{"name":"(anonymous_19)","decl":{"start":{"line":144,"column":66},"end":{"line":144,"column":null}},"loc":{"start":{"line":144,"column":66},"end":{"line":173,"column":1}}},"12":{"name":"(anonymous_20)","decl":{"start":{"line":175,"column":22},"end":{"line":175,"column":29}},"loc":{"start":{"line":175,"column":60},"end":{"line":183,"column":2}}},"13":{"name":"(anonymous_21)","decl":{"start":{"line":175,"column":60},"end":{"line":175,"column":null}},"loc":{"start":{"line":175,"column":60},"end":{"line":183,"column":1}}},"14":{"name":"(anonymous_22)","decl":{"start":{"line":189,"column":30},"end":{"line":189,"column":31}},"loc":{"start":{"line":189,"column":82},"end":{"line":210,"column":1}}},"15":{"name":"(anonymous_23)","decl":{"start":{"line":202,"column":55},"end":{"line":202,"column":56}},"loc":{"start":{"line":202,"column":72},"end":{"line":209,"column":5}}}},"branchMap":{"0":{"loc":{"start":{"line":28,"column":4},"end":{"line":30,"column":5}},"type":"if","locations":[{"start":{"line":28,"column":4},"end":{"line":30,"column":5}}]},"1":{"loc":{"start":{"line":28,"column":8},"end":{"line":28,"column":77}},"type":"binary-expr","locations":[{"start":{"line":28,"column":8},"end":{"line":28,"column":40}},{"start":{"line":28,"column":44},"end":{"line":28,"column":77}}]},"2":{"loc":{"start":{"line":55,"column":8},"end":{"line":58,"column":9}},"type":"if","locations":[{"start":{"line":55,"column":8},"end":{"line":58,"column":9}}]},"3":{"loc":{"start":{"line":60,"column":8},"end":{"line":63,"column":9}},"type":"if","locations":[{"start":{"line":60,"column":8},"end":{"line":63,"column":9}}]},"4":{"loc":{"start":{"line":64,"column":8},"end":{"line":67,"column":9}},"type":"if","locations":[{"start":{"line":64,"column":8},"end":{"line":67,"column":9}}]},"5":{"loc":{"start":{"line":70,"column":8},"end":{"line":73,"column":9}},"type":"if","locations":[{"start":{"line":70,"column":8},"end":{"line":73,"column":9}}]},"6":{"loc":{"start":{"line":74,"column":8},"end":{"line":78,"column":9}},"type":"if","locations":[{"start":{"line":74,"column":8},"end":{"line":78,"column":9}},{"start":{"line":76,"column":15},"end":{"line":78,"column":9}}]},"7":{"loc":{"start":{"line":99,"column":8},"end":{"line":102,"column":9}},"type":"if","locations":[{"start":{"line":99,"column":8},"end":{"line":102,"column":9}}]},"8":{"loc":{"start":{"line":104,"column":8},"end":{"line":107,"column":9}},"type":"if","locations":[{"start":{"line":104,"column":8},"end":{"line":107,"column":9}}]},"9":{"loc":{"start":{"line":109,"column":12},"end":{"line":112,"column":13}},"type":"if","locations":[{"start":{"line":109,"column":12},"end":{"line":112,"column":13}}]},"10":{"loc":{"start":{"line":119,"column":16},"end":{"line":122,"column":17}},"type":"if","locations":[{"start":{"line":119,"column":16},"end":{"line":122,"column":17}}]},"11":{"loc":{"start":{"line":124,"column":16},"end":{"line":130,"column":17}},"type":"if","locations":[{"start":{"line":124,"column":16},"end":{"line":130,"column":17}}]},"12":{"loc":{"start":{"line":124,"column":20},"end":{"line":124,"column":83}},"type":"binary-expr","locations":[{"start":{"line":124,"column":20},"end":{"line":124,"column":38}},{"start":{"line":124,"column":42},"end":{"line":124,"column":83}}]},"13":{"loc":{"start":{"line":147,"column":8},"end":{"line":150,"column":9}},"type":"if","locations":[{"start":{"line":147,"column":8},"end":{"line":150,"column":9}}]},"14":{"loc":{"start":{"line":153,"column":8},"end":{"line":156,"column":9}},"type":"if","locations":[{"start":{"line":153,"column":8},"end":{"line":156,"column":9}}]},"15":{"loc":{"start":{"line":157,"column":8},"end":{"line":159,"column":9}},"type":"if","locations":[{"start":{"line":157,"column":8},"end":{"line":159,"column":9}}]},"16":{"loc":{"start":{"line":191,"column":18},"end":{"line":191,"column":62}},"type":"binary-expr","locations":[{"start":{"line":191,"column":18},"end":{"line":191,"column":31}},{"start":{"line":191,"column":35},"end":{"line":191,"column":62}}]},"17":{"loc":{"start":{"line":193,"column":4},"end":{"line":196,"column":5}},"type":"if","locations":[{"start":{"line":193,"column":4},"end":{"line":196,"column":5}}]},"18":{"loc":{"start":{"line":197,"column":4},"end":{"line":200,"column":5}},"type":"if","locations":[{"start":{"line":197,"column":4},"end":{"line":200,"column":5}}]},"19":{"loc":{"start":{"line":203,"column":8},"end":{"line":206,"column":9}},"type":"if","locations":[{"start":{"line":203,"column":8},"end":{"line":206,"column":9}}]}},"s":{"0":4,"1":4,"2":4,"3":4,"4":11,"5":11,"6":11,"7":11,"8":11,"9":9,"10":6,"11":5,"12":4,"13":4,"14":16,"15":1,"16":15,"17":15,"18":14,"19":14,"20":4,"21":4,"22":16,"23":16,"24":16,"25":16,"26":1,"27":1,"28":15,"29":15,"30":1,"31":1,"32":14,"33":1,"34":1,"35":13,"36":12,"37":1,"38":1,"39":11,"40":2,"41":9,"42":11,"43":11,"44":1,"45":4,"46":4,"47":17,"48":17,"49":1,"50":1,"51":16,"52":1,"53":1,"54":15,"55":13,"56":13,"57":4,"58":4,"59":9,"60":9,"61":9,"62":8,"63":1,"64":1,"65":7,"66":3,"67":3,"68":3,"69":3,"70":4,"71":6,"72":4,"73":4,"74":1,"75":1,"76":4,"77":4,"78":15,"79":15,"80":15,"81":5,"82":1,"83":1,"84":4,"85":4,"86":1,"87":1,"88":3,"89":0,"90":3,"91":3,"92":3,"93":10,"94":4,"95":4,"96":5,"97":5,"98":5,"99":1,"100":1,"101":4,"102":4,"103":4,"104":50,"105":50,"106":50,"107":1,"108":1,"109":49,"110":1,"111":1,"112":48,"113":48,"114":3,"115":3,"116":45,"117":45,"118":4},"f":{"0":11,"1":11,"2":16,"3":16,"4":16,"5":17,"6":17,"7":13,"8":13,"9":6,"10":15,"11":15,"12":5,"13":5,"14":50,"15":48},"b":{"0":[1],"1":[16,15],"2":[1],"3":[1],"4":[1],"5":[1],"6":[2,9],"7":[1],"8":[1],"9":[4],"10":[1],"11":[3],"12":[7,7],"13":[1],"14":[1],"15":[0],"16":[50,49],"17":[1],"18":[1],"19":[3]}}
,"C:\\Users\\yaelh\\OneDrive\\Desktop\\school_apps\\new\\first_app\\src\\controllers\\base_controller.ts": {"path":"C:\\Users\\yaelh\\OneDrive\\Desktop\\school_apps\\new\\first_app\\src\\controllers\\base_controller.ts","statementMap":{"0":{"start":{"line":11,"column":8},"end":{"line":11,"column":27}},"1":{"start":{"line":17,"column":8},"end":{"line":27,"column":9}},"2":{"start":{"line":18,"column":25},"end":{"line":18,"column":58}},"3":{"start":{"line":19,"column":12},"end":{"line":23,"column":13}},"4":{"start":{"line":20,"column":16},"end":{"line":20,"column":28}},"5":{"start":{"line":22,"column":16},"end":{"line":22,"column":50}},"6":{"start":{"line":26,"column":12},"end":{"line":26,"column":null}},"7":{"start":{"line":31,"column":19},"end":{"line":31,"column":32}},"8":{"start":{"line":33,"column":8},"end":{"line":44,"column":9}},"9":{"start":{"line":34,"column":25},"end":{"line":34,"column":55}},"10":{"start":{"line":35,"column":12},"end":{"line":37,"column":13}},"11":{"start":{"line":36,"column":16},"end":{"line":36,"column":31}},"12":{"start":{"line":39,"column":12},"end":{"line":43,"column":13}},"13":{"start":{"line":40,"column":16},"end":{"line":40,"column":65}},"14":{"start":{"line":42,"column":16},"end":{"line":42,"column":63}},"15":{"start":{"line":48,"column":21},"end":{"line":48,"column":29}},"16":{"start":{"line":49,"column":36},"end":{"line":49,"column":53}},"17":{"start":{"line":50,"column":26},"end":{"line":52,"column":null}},"18":{"start":{"line":55,"column":8},"end":{"line":60,"column":9}},"19":{"start":{"line":56,"column":25},"end":{"line":56,"column":62}},"20":{"start":{"line":57,"column":12},"end":{"line":57,"column":39}},"21":{"start":{"line":59,"column":12},"end":{"line":59,"column":96}},"22":{"start":{"line":64,"column":8},"end":{"line":79,"column":9}},"23":{"start":{"line":65,"column":40},"end":{"line":65,"column":57}},"24":{"start":{"line":67,"column":12},"end":{"line":76,"column":13}},"25":{"start":{"line":68,"column":16},"end":{"line":68,"column":50}},"26":{"start":{"line":70,"column":36},"end":{"line":70,"column":110}},"27":{"start":{"line":71,"column":16},"end":{"line":75,"column":17}},"28":{"start":{"line":72,"column":20},"end":{"line":72,"column":67}},"29":{"start":{"line":74,"column":20},"end":{"line":74,"column":54}},"30":{"start":{"line":78,"column":12},"end":{"line":78,"column":57}},"31":{"start":{"line":83,"column":8},"end":{"line":97,"column":9}},"32":{"start":{"line":84,"column":40},"end":{"line":84,"column":57}},"33":{"start":{"line":87,"column":12},"end":{"line":94,"column":13}},"34":{"start":{"line":88,"column":16},"end":{"line":88,"column":50}},"35":{"start":{"line":90,"column":36},"end":{"line":90,"column":85}},"36":{"start":{"line":92,"column":16},"end":{"line":92,"column":81}},"37":{"start":{"line":92,"column":34},"end":{"line":92,"column":81}},"38":{"start":{"line":93,"column":16},"end":{"line":93,"column":61}},"39":{"start":{"line":96,"column":12},"end":{"line":96,"column":57}},"40":{"start":{"line":101,"column":0},"end":{"line":101,"column":null}}},"fnMap":{"0":{"name":"(anonymous_7)","decl":{"start":{"line":10,"column":4},"end":{"line":10,"column":16}},"loc":{"start":{"line":10,"column":26},"end":{"line":12,"column":5}}},"1":{"name":"(anonymous_8)","decl":{"start":{"line":16,"column":10},"end":{"line":16,"column":25}},"loc":{"start":{"line":16,"column":32},"end":{"line":28,"column":6}}},"2":{"name":"(anonymous_10)","decl":{"start":{"line":30,"column":10},"end":{"line":30,"column":17}},"loc":{"start":{"line":30,"column":45},"end":{"line":45,"column":6}}},"3":{"name":"(anonymous_12)","decl":{"start":{"line":47,"column":10},"end":{"line":47,"column":16}},"loc":{"start":{"line":47,"column":44},"end":{"line":61,"column":6}}},"4":{"name":"(anonymous_14)","decl":{"start":{"line":63,"column":10},"end":{"line":63,"column":16}},"loc":{"start":{"line":63,"column":65},"end":{"line":80,"column":6}}},"5":{"name":"(anonymous_16)","decl":{"start":{"line":82,"column":10},"end":{"line":82,"column":16}},"loc":{"start":{"line":82,"column":66},"end":{"line":98,"column":6}}}},"branchMap":{"0":{"loc":{"start":{"line":19,"column":12},"end":{"line":23,"column":13}},"type":"if","locations":[{"start":{"line":19,"column":12},"end":{"line":23,"column":13}},{"start":{"line":21,"column":19},"end":{"line":23,"column":13}}]},"1":{"loc":{"start":{"line":35,"column":12},"end":{"line":37,"column":13}},"type":"if","locations":[{"start":{"line":35,"column":12},"end":{"line":37,"column":13}}]},"2":{"loc":{"start":{"line":39,"column":12},"end":{"line":43,"column":13}},"type":"if","locations":[{"start":{"line":39,"column":12},"end":{"line":43,"column":13}},{"start":{"line":41,"column":19},"end":{"line":43,"column":13}}]},"3":{"loc":{"start":{"line":67,"column":12},"end":{"line":76,"column":13}},"type":"if","locations":[{"start":{"line":67,"column":12},"end":{"line":76,"column":13}},{"start":{"line":69,"column":19},"end":{"line":76,"column":13}}]},"4":{"loc":{"start":{"line":71,"column":16},"end":{"line":75,"column":17}},"type":"if","locations":[{"start":{"line":71,"column":16},"end":{"line":75,"column":17}},{"start":{"line":73,"column":23},"end":{"line":75,"column":17}}]},"5":{"loc":{"start":{"line":87,"column":12},"end":{"line":94,"column":13}},"type":"if","locations":[{"start":{"line":87,"column":12},"end":{"line":94,"column":13}},{"start":{"line":89,"column":19},"end":{"line":94,"column":13}}]},"6":{"loc":{"start":{"line":92,"column":16},"end":{"line":92,"column":81}},"type":"if","locations":[{"start":{"line":92,"column":16},"end":{"line":92,"column":81}}]}},"s":{"0":12,"1":20,"2":20,"3":17,"4":11,"5":6,"6":9,"7":9,"8":9,"9":9,"10":6,"11":6,"12":3,"13":3,"14":0,"15":9,"16":9,"17":9,"18":9,"19":9,"20":8,"21":1,"22":5,"23":5,"24":5,"25":1,"26":4,"27":3,"28":0,"29":3,"30":1,"31":3,"32":3,"33":3,"34":1,"35":2,"36":2,"37":0,"38":2,"39":0,"40":4},"f":{"0":12,"1":20,"2":9,"3":9,"4":5,"5":3},"b":{"0":[11,6],"1":[6],"2":[3,0],"3":[1,4],"4":[0,3],"5":[1,2],"6":[0]}}
,"C:\\Users\\yaelh\\OneDrive\\Desktop\\school_apps\\new\\first_app\\src\\controllers\\comments_controller.ts": {"path":"C:\\Users\\yaelh\\OneDrive\\Desktop\\school_apps\\new\\first_app\\src\\controllers\\comments_controller.ts","statementMap":{"0":{"start":{"line":2,"column":0},"end":{"line":2,"column":67}},"1":{"start":{"line":3,"column":0},"end":{"line":3,"column":47}},"2":{"start":{"line":5,"column":0},"end":{"line":5,"column":50}},"3":{"start":{"line":10,"column":8},"end":{"line":10,"column":28}},"4":{"start":{"line":15,"column":8},"end":{"line":27,"column":9}},"5":{"start":{"line":16,"column":31},"end":{"line":16,"column":40}},"6":{"start":{"line":18,"column":12},"end":{"line":24,"column":13}},"7":{"start":{"line":19,"column":33},"end":{"line":19,"column":68}},"8":{"start":{"line":20,"column":16},"end":{"line":20,"column":47}},"9":{"start":{"line":22,"column":33},"end":{"line":22,"column":58}},"10":{"start":{"line":23,"column":16},"end":{"line":23,"column":47}},"11":{"start":{"line":26,"column":12},"end":{"line":26,"column":57}},"12":{"start":{"line":31,"column":26},"end":{"line":31,"column":39}},"13":{"start":{"line":33,"column":8},"end":{"line":57,"column":9}},"14":{"start":{"line":34,"column":28},"end":{"line":34,"column":66}},"15":{"start":{"line":35,"column":34},"end":{"line":35,"column":60}},"16":{"start":{"line":38,"column":12},"end":{"line":45,"column":13}},"17":{"start":{"line":40,"column":35},"end":{"line":40,"column":76}},"18":{"start":{"line":42,"column":16},"end":{"line":44,"column":17}},"19":{"start":{"line":43,"column":20},"end":{"line":43,"column":54}},"20":{"start":{"line":47,"column":12},"end":{"line":47,"column":56}},"21":{"start":{"line":50,"column":12},"end":{"line":56,"column":13}},"22":{"start":{"line":51,"column":16},"end":{"line":51,"column":null}},"23":{"start":{"line":52,"column":19},"end":{"line":56,"column":13}},"24":{"start":{"line":53,"column":16},"end":{"line":53,"column":68}},"25":{"start":{"line":55,"column":16},"end":{"line":55,"column":61}},"26":{"start":{"line":61,"column":26},"end":{"line":61,"column":39}},"27":{"start":{"line":63,"column":8},"end":{"line":74,"column":13}},"28":{"start":{"line":64,"column":32},"end":{"line":64,"column":70}},"29":{"start":{"line":65,"column":38},"end":{"line":65,"column":64}},"30":{"start":{"line":67,"column":16},"end":{"line":67,"column":null}},"31":{"start":{"line":69,"column":16},"end":{"line":73,"column":17}},"32":{"start":{"line":70,"column":20},"end":{"line":70,"column":null}},"33":{"start":{"line":72,"column":20},"end":{"line":72,"column":65}},"34":{"start":{"line":78,"column":27},"end":{"line":78,"column":42}},"35":{"start":{"line":80,"column":12},"end":{"line":91,"column":13}},"36":{"start":{"line":82,"column":35},"end":{"line":82,"column":67}},"37":{"start":{"line":84,"column":16},"end":{"line":88,"column":17}},"38":{"start":{"line":85,"column":20},"end":{"line":85,"column":72}},"39":{"start":{"line":87,"column":20},"end":{"line":87,"column":49}},"40":{"start":{"line":90,"column":16},"end":{"line":90,"column":44}},"41":{"start":{"line":95,"column":0},"end":{"line":95,"column":40}}},"fnMap":{"0":{"name":"(anonymous_8)","decl":{"start":{"line":9,"column":4},"end":{"line":9,"column":null}},"loc":{"start":{"line":9,"column":4},"end":{"line":11,"column":5}}},"1":{"name":"(anonymous_9)","decl":{"start":{"line":14,"column":10},"end":{"line":14,"column":16}},"loc":{"start":{"line":14,"column":44},"end":{"line":28,"column":null}}},"2":{"name":"(anonymous_11)","decl":{"start":{"line":30,"column":10},"end":{"line":30,"column":16}},"loc":{"start":{"line":30,"column":57},"end":{"line":58,"column":6}}},"3":{"name":"(anonymous_15)","decl":{"start":{"line":60,"column":10},"end":{"line":60,"column":16}},"loc":{"start":{"line":60,"column":57},"end":{"line":75,"column":10}}},"4":{"name":"(anonymous_19)","decl":{"start":{"line":77,"column":14},"end":{"line":77,"column":20}},"loc":{"start":{"line":77,"column":48},"end":{"line":92,"column":10}}}},"branchMap":{"0":{"loc":{"start":{"line":18,"column":12},"end":{"line":24,"column":13}},"type":"if","locations":[{"start":{"line":18,"column":12},"end":{"line":24,"column":13}},{"start":{"line":21,"column":19},"end":{"line":24,"column":13}}]},"1":{"loc":{"start":{"line":38,"column":12},"end":{"line":45,"column":13}},"type":"if","locations":[{"start":{"line":38,"column":12},"end":{"line":45,"column":13}}]},"2":{"loc":{"start":{"line":42,"column":16},"end":{"line":44,"column":17}},"type":"if","locations":[{"start":{"line":42,"column":16},"end":{"line":44,"column":17}}]},"3":{"loc":{"start":{"line":50,"column":12},"end":{"line":56,"column":13}},"type":"if","locations":[{"start":{"line":50,"column":12},"end":{"line":56,"column":13}},{"start":{"line":52,"column":19},"end":{"line":56,"column":13}}]},"4":{"loc":{"start":{"line":52,"column":19},"end":{"line":56,"column":13}},"type":"if","locations":[{"start":{"line":52,"column":19},"end":{"line":56,"column":13}},{"start":{"line":54,"column":19},"end":{"line":56,"column":13}}]},"5":{"loc":{"start":{"line":69,"column":16},"end":{"line":73,"column":17}},"type":"if","locations":[{"start":{"line":69,"column":16},"end":{"line":73,"column":17}},{"start":{"line":71,"column":23},"end":{"line":73,"column":17}}]},"6":{"loc":{"start":{"line":84,"column":16},"end":{"line":88,"column":17}},"type":"if","locations":[{"start":{"line":84,"column":16},"end":{"line":88,"column":17}},{"start":{"line":86,"column":23},"end":{"line":88,"column":17}}]}},"s":{"0":4,"1":4,"2":4,"3":4,"4":3,"5":3,"6":3,"7":2,"8":1,"9":1,"10":1,"11":1,"12":5,"13":5,"14":5,"15":3,"16":3,"17":2,"18":2,"19":1,"20":2,"21":3,"22":1,"23":2,"24":1,"25":1,"26":3,"27":3,"28":3,"29":1,"30":1,"31":2,"32":1,"33":1,"34":5,"35":5,"36":5,"37":4,"38":1,"39":3,"40":1,"41":4},"f":{"0":4,"1":3,"2":5,"3":3,"4":5},"b":{"0":[2,1],"1":[2],"2":[1],"3":[1,2],"4":[1,1],"5":[1,1],"6":[1,3]}}
,"C:\\Users\\yaelh\\OneDrive\\Desktop\\school_apps\\new\\first_app\\src\\controllers\\posts_controller.ts": {"path":"C:\\Users\\yaelh\\OneDrive\\Desktop\\school_apps\\new\\first_app\\src\\controllers\\posts_controller.ts","statementMap":{"0":{"start":{"line":2,"column":0},"end":{"line":2,"column":57}},"1":{"start":{"line":3,"column":0},"end":{"line":3,"column":73}},"2":{"start":{"line":8,"column":8},"end":{"line":8,"column":25}},"3":{"start":{"line":13,"column":8},"end":{"line":25,"column":9}},"4":{"start":{"line":14,"column":31},"end":{"line":14,"column":40}},"5":{"start":{"line":16,"column":12},"end":{"line":22,"column":13}},"6":{"start":{"line":17,"column":30},"end":{"line":17,"column":71}},"7":{"start":{"line":18,"column":16},"end":{"line":18,"column":44}},"8":{"start":{"line":20,"column":30},"end":{"line":20,"column":52}},"9":{"start":{"line":21,"column":16},"end":{"line":21,"column":44}},"10":{"start":{"line":24,"column":12},"end":{"line":24,"column":48}},"11":{"start":{"line":29,"column":27},"end":{"line":29,"column":40}},"12":{"start":{"line":30,"column":12},"end":{"line":42,"column":13}},"13":{"start":{"line":31,"column":29},"end":{"line":31,"column":64}},"14":{"start":{"line":32,"column":36},"end":{"line":32,"column":59}},"15":{"start":{"line":34,"column":16},"end":{"line":34,"column":58}},"16":{"start":{"line":37,"column":16},"end":{"line":41,"column":17}},"17":{"start":{"line":38,"column":20},"end":{"line":38,"column":null}},"18":{"start":{"line":40,"column":20},"end":{"line":40,"column":65}},"19":{"start":{"line":48,"column":0},"end":{"line":48,"column":37}}},"fnMap":{"0":{"name":"(anonymous_8)","decl":{"start":{"line":7,"column":4},"end":{"line":7,"column":null}},"loc":{"start":{"line":7,"column":4},"end":{"line":9,"column":5}}},"1":{"name":"(anonymous_9)","decl":{"start":{"line":12,"column":10},"end":{"line":12,"column":16}},"loc":{"start":{"line":12,"column":44},"end":{"line":26,"column":null}}},"2":{"name":"(anonymous_11)","decl":{"start":{"line":28,"column":10},"end":{"line":28,"column":16}},"loc":{"start":{"line":28,"column":57},"end":{"line":43,"column":10}}}},"branchMap":{"0":{"loc":{"start":{"line":16,"column":12},"end":{"line":22,"column":13}},"type":"if","locations":[{"start":{"line":16,"column":12},"end":{"line":22,"column":13}},{"start":{"line":19,"column":19},"end":{"line":22,"column":13}}]},"1":{"loc":{"start":{"line":37,"column":16},"end":{"line":41,"column":17}},"type":"if","locations":[{"start":{"line":37,"column":16},"end":{"line":41,"column":17}},{"start":{"line":39,"column":23},"end":{"line":41,"column":17}}]}},"s":{"0":4,"1":4,"2":4,"3":3,"4":3,"5":3,"6":2,"7":1,"8":1,"9":1,"10":1,"11":3,"12":3,"13":3,"14":1,"15":1,"16":2,"17":1,"18":1,"19":4},"f":{"0":4,"1":3,"2":3},"b":{"0":[2,1],"1":[1,1]}}
,"C:\\Users\\yaelh\\OneDrive\\Desktop\\school_apps\\new\\first_app\\src\\controllers\\users_controller.ts": {"path":"C:\\Users\\yaelh\\OneDrive\\Desktop\\school_apps\\new\\first_app\\src\\controllers\\users_controller.ts","statementMap":{"0":{"start":{"line":2,"column":0},"end":{"line":2,"column":55}},"1":{"start":{"line":3,"column":0},"end":{"line":3,"column":47}},"2":{"start":{"line":10,"column":8},"end":{"line":10,"column":25}},"3":{"start":{"line":14,"column":8},"end":{"line":19,"column":9}},"4":{"start":{"line":15,"column":26},"end":{"line":15,"column":48}},"5":{"start":{"line":16,"column":12},"end":{"line":16,"column":40}},"6":{"start":{"line":18,"column":12},"end":{"line":18,"column":57}},"7":{"start":{"line":23,"column":12},"end":{"line":28,"column":13}},"8":{"start":{"line":24,"column":31},"end":{"line":24,"column":44}},"9":{"start":{"line":25,"column":16},"end":{"line":25,"column":53}},"10":{"start":{"line":27,"column":16},"end":{"line":27,"column":61}},"11":{"start":{"line":32,"column":12},"end":{"line":37,"column":13}},"12":{"start":{"line":33,"column":31},"end":{"line":33,"column":44}},"13":{"start":{"line":34,"column":16},"end":{"line":34,"column":53}},"14":{"start":{"line":36,"column":16},"end":{"line":36,"column":61}},"15":{"start":{"line":41,"column":0},"end":{"line":41,"column":37}}},"fnMap":{"0":{"name":"(anonymous_8)","decl":{"start":{"line":9,"column":4},"end":{"line":9,"column":null}},"loc":{"start":{"line":9,"column":4},"end":{"line":11,"column":5}}},"1":{"name":"(anonymous_9)","decl":{"start":{"line":13,"column":10},"end":{"line":13,"column":16}},"loc":{"start":{"line":13,"column":44},"end":{"line":20,"column":null}}},"2":{"name":"(anonymous_11)","decl":{"start":{"line":22,"column":14},"end":{"line":22,"column":20}},"loc":{"start":{"line":22,"column":61},"end":{"line":29,"column":10}}},"3":{"name":"(anonymous_14)","decl":{"start":{"line":31,"column":14},"end":{"line":31,"column":20}},"loc":{"start":{"line":31,"column":61},"end":{"line":38,"column":10}}}},"branchMap":{},"s":{"0":4,"1":4,"2":4,"3":2,"4":2,"5":1,"6":1,"7":3,"8":3,"9":3,"10":1,"11":3,"12":3,"13":3,"14":1,"15":4},"f":{"0":4,"1":2,"2":3,"3":3},"b":{}}
,"C:\\Users\\yaelh\\OneDrive\\Desktop\\school_apps\\new\\first_app\\src\\models\\comments_model.ts": {"path":"C:\\Users\\yaelh\\OneDrive\\Desktop\\school_apps\\new\\first_app\\src\\models\\comments_model.ts","statementMap":{"0":{"start":{"line":1,"column":0},"end":{"line":1,"column":32}},"1":{"start":{"line":9,"column":22},"end":{"line":24,"column":2}},"2":{"start":{"line":26,"column":13},"end":{"line":26,"column":80}}},"fnMap":{},"branchMap":{},"s":{"0":4,"1":4,"2":4},"f":{},"b":{}}
,"C:\\Users\\yaelh\\OneDrive\\Desktop\\school_apps\\new\\first_app\\src\\models\\posts_model.ts": {"path":"C:\\Users\\yaelh\\OneDrive\\Desktop\\school_apps\\new\\first_app\\src\\models\\posts_model.ts","statementMap":{"0":{"start":{"line":1,"column":0},"end":{"line":1,"column":32}},"1":{"start":{"line":9,"column":19},"end":{"line":20,"column":2}},"2":{"start":{"line":22,"column":13},"end":{"line":22,"column":68}}},"fnMap":{},"branchMap":{},"s":{"0":4,"1":4,"2":4},"f":{},"b":{}}
,"C:\\Users\\yaelh\\OneDrive\\Desktop\\school_apps\\new\\first_app\\src\\models\\users_model.ts": {"path":"C:\\Users\\yaelh\\OneDrive\\Desktop\\school_apps\\new\\first_app\\src\\models\\users_model.ts","statementMap":{"0":{"start":{"line":1,"column":0},"end":{"line":1,"column":32}},"1":{"start":{"line":16,"column":19},"end":{"line":58,"column":2}},"2":{"start":{"line":60,"column":13},"end":{"line":60,"column":68}}},"fnMap":{},"branchMap":{},"s":{"0":4,"1":4,"2":4},"f":{},"b":{}}
,"C:\\Users\\yaelh\\OneDrive\\Desktop\\school_apps\\new\\first_app\\src\\routes\\auth_route.ts": {"path":"C:\\Users\\yaelh\\OneDrive\\Desktop\\school_apps\\new\\first_app\\src\\routes\\auth_route.ts","statementMap":{"0":{"start":{"line":1,"column":0},"end":{"line":1,"column":30}},"1":{"start":{"line":2,"column":0},"end":{"line":2,"column":103}},"2":{"start":{"line":4,"column":13},"end":{"line":4,"column":43}},"3":{"start":{"line":78,"column":0},"end":{"line":78,"column":39}},"4":{"start":{"line":100,"column":0},"end":{"line":100,"column":null}},"5":{"start":{"line":119,"column":0},"end":{"line":119,"column":47}},"6":{"start":{"line":134,"column":0},"end":{"line":134,"column":null}}},"fnMap":{},"branchMap":{},"s":{"0":4,"1":4,"2":4,"3":4,"4":4,"5":4,"6":4},"f":{},"b":{}}
,"C:\\Users\\yaelh\\OneDrive\\Desktop\\school_apps\\new\\first_app\\src\\routes\\comments_route.ts": {"path":"C:\\Users\\yaelh\\OneDrive\\Desktop\\school_apps\\new\\first_app\\src\\routes\\comments_route.ts","statementMap":{"0":{"start":{"line":1,"column":0},"end":{"line":1,"column":30}},"1":{"start":{"line":2,"column":0},"end":{"line":2,"column":68}},"2":{"start":{"line":3,"column":0},"end":{"line":3,"column":64}},"3":{"start":{"line":4,"column":13},"end":{"line":4,"column":47}},"4":{"start":{"line":69,"column":0},"end":{"line":69,"column":92}},"5":{"start":{"line":99,"column":0},"end":{"line":99,"column":96}},"6":{"start":{"line":138,"column":0},"end":{"line":138,"column":93}},"7":{"start":{"line":170,"column":0},"end":{"line":170,"column":98}},"8":{"start":{"line":217,"column":0},"end":{"line":217,"column":95}}},"fnMap":{},"branchMap":{},"s":{"0":4,"1":4,"2":4,"3":4,"4":4,"5":4,"6":4,"7":4,"8":4},"f":{},"b":{}}
,"C:\\Users\\yaelh\\OneDrive\\Desktop\\school_apps\\new\\first_app\\src\\routes\\posts_route.ts": {"path":"C:\\Users\\yaelh\\OneDrive\\Desktop\\school_apps\\new\\first_app\\src\\routes\\posts_route.ts","statementMap":{"0":{"start":{"line":1,"column":0},"end":{"line":1,"column":30}},"1":{"start":{"line":2,"column":0},"end":{"line":2,"column":62}},"2":{"start":{"line":3,"column":0},"end":{"line":3,"column":64}},"3":{"start":{"line":5,"column":13},"end":{"line":5,"column":44}},"4":{"start":{"line":101,"column":0},"end":{"line":101,"column":83}},"5":{"start":{"line":129,"column":0},"end":{"line":129,"column":87}},"6":{"start":{"line":205,"column":0},"end":{"line":205,"column":84}},"7":{"start":{"line":251,"column":0},"end":{"line":251,"column":86}}},"fnMap":{},"branchMap":{},"s":{"0":4,"1":4,"2":4,"3":4,"4":4,"5":4,"6":4,"7":4},"f":{},"b":{}}
,"C:\\Users\\yaelh\\OneDrive\\Desktop\\school_apps\\new\\first_app\\src\\routes\\users_route.ts": {"path":"C:\\Users\\yaelh\\OneDrive\\Desktop\\school_apps\\new\\first_app\\src\\routes\\users_route.ts","statementMap":{"0":{"start":{"line":1,"column":0},"end":{"line":1,"column":30}},"1":{"start":{"line":2,"column":0},"end":{"line":2,"column":62}},"2":{"start":{"line":3,"column":0},"end":{"line":3,"column":64}},"3":{"start":{"line":4,"column":13},"end":{"line":4,"column":44}},"4":{"start":{"line":93,"column":0},"end":{"line":93,"column":89}},"5":{"start":{"line":115,"column":0},"end":{"line":115,"column":83}},"6":{"start":{"line":162,"column":0},"end":{"line":162,"column":86}},"7":{"start":{"line":194,"column":0},"end":{"line":194,"column":87}}},"fnMap":{},"branchMap":{},"s":{"0":4,"1":4,"2":4,"3":4,"4":4,"5":4,"6":4,"7":4},"f":{},"b":{}}
}
