TN:
SF:src\server.ts
FN:42,(anonymous_1)
FN:43,(anonymous_2)
FN:45,(anonymous_3)
FN:46,(anonymous_4)
FN:52,(anonymous_5)
FN:55,(anonymous_6)
FNF:6
FNH:4
FNDA:0,(anonymous_1)
FNDA:4,(anonymous_2)
FNDA:4,(anonymous_3)
FNDA:4,(anonymous_4)
FNDA:4,(anonymous_5)
FNDA:0,(anonymous_6)
DA:1,4
DA:2,4
DA:3,4
DA:4,4
DA:5,4
DA:6,4
DA:7,4
DA:8,4
DA:9,4
DA:10,4
DA:11,4
DA:13,4
DA:14,4
DA:15,4
DA:17,4
DA:18,4
DA:20,4
DA:21,4
DA:22,4
DA:23,4
DA:25,4
DA:37,4
DA:38,4
DA:41,4
DA:42,4
DA:43,4
DA:45,4
DA:46,4
DA:47,4
DA:48,0
DA:50,4
DA:53,4
DA:56,0
LF:33
LH:31
BRDA:47,0,0,0
BRDA:47,0,1,4
BRF:2
BRH:1
end_of_record
TN:
SF:src\controllers\auth_controller.ts
FN:7,(anonymous_8)
FN:7,(anonymous_9)
FN:17,(anonymous_10)
FN:17,(anonymous_11)
FN:36,(anonymous_12)
FN:61,(anonymous_13)
FN:61,(anonymous_14)
FN:105,(anonymous_15)
FN:106,(anonymous_16)
FN:117,(anonymous_17)
FN:117,(anonymous_18)
FN:140,(anonymous_19)
FN:153,(anonymous_20)
FN:153,(anonymous_21)
FN:184,(anonymous_22)
FN:184,(anonymous_23)
FN:198,(anonymous_24)
FN:211,(anonymous_25)
FNF:18
FNH:18
FNDA:14,(anonymous_8)
FNDA:14,(anonymous_9)
FNDA:11,(anonymous_10)
FNDA:11,(anonymous_11)
FNDA:16,(anonymous_12)
FNDA:16,(anonymous_13)
FNDA:16,(anonymous_14)
FNDA:17,(anonymous_15)
FNDA:17,(anonymous_16)
FNDA:13,(anonymous_17)
FNDA:13,(anonymous_18)
FNDA:6,(anonymous_19)
FNDA:15,(anonymous_20)
FNDA:15,(anonymous_21)
FNDA:5,(anonymous_22)
FNDA:5,(anonymous_23)
FNDA:50,(anonymous_24)
FNDA:48,(anonymous_25)
DA:2,4
DA:3,4
DA:4,4
DA:7,14
DA:8,14
DA:9,14
DA:11,14
DA:13,2
DA:17,11
DA:18,11
DA:19,11
DA:20,11
DA:21,9
DA:26,6
DA:28,5
DA:36,4
DA:37,16
DA:38,1
DA:41,15
DA:42,15
DA:49,14
DA:55,14
DA:61,16
DA:62,16
DA:63,16
DA:64,16
DA:65,1
DA:66,1
DA:68,15
DA:69,15
DA:70,1
DA:71,1
DA:73,14
DA:74,1
DA:75,1
DA:78,13
DA:79,12
DA:80,1
DA:81,1
DA:83,11
DA:84,2
DA:86,9
DA:89,11
DA:90,11
DA:96,1
DA:105,4
DA:106,17
DA:108,17
DA:109,1
DA:110,1
DA:113,16
DA:114,1
DA:115,1
DA:117,15
DA:118,13
DA:119,4
DA:120,4
DA:123,9
DA:125,9
DA:127,9
DA:128,8
DA:129,1
DA:130,1
DA:133,7
DA:134,3
DA:135,3
DA:137,3
DA:138,3
DA:140,6
DA:142,4
DA:144,4
DA:146,1
DA:147,1
DA:153,15
DA:154,15
DA:155,15
DA:156,5
DA:157,1
DA:158,1
DA:160,4
DA:162,4
DA:163,1
DA:164,1
DA:166,3
DA:167,0
DA:169,3
DA:170,3
DA:172,3
DA:180,10
DA:184,5
DA:185,5
DA:186,5
DA:187,1
DA:188,1
DA:190,4
DA:198,4
DA:199,50
DA:200,50
DA:202,50
DA:203,1
DA:204,1
DA:206,49
DA:207,1
DA:208,1
DA:211,48
DA:212,48
DA:213,3
DA:214,3
DA:216,45
DA:217,45
LF:110
LH:109
BRDA:37,0,0,1
BRDA:37,1,0,16
BRDA:37,1,1,15
BRDA:64,2,0,1
BRDA:69,3,0,1
BRDA:73,4,0,1
BRDA:79,5,0,1
BRDA:83,6,0,2
BRDA:83,6,1,9
BRDA:108,7,0,1
BRDA:113,8,0,1
BRDA:118,9,0,4
BRDA:128,10,0,1
BRDA:133,11,0,3
BRDA:133,12,0,7
BRDA:133,12,1,7
BRDA:156,13,0,1
BRDA:162,14,0,1
BRDA:166,15,0,0
BRDA:200,16,0,50
BRDA:200,16,1,49
BRDA:202,17,0,1
BRDA:206,18,0,1
BRDA:212,19,0,3
BRF:24
BRH:23
end_of_record
TN:
SF:src\controllers\base_controller.ts
FN:10,(anonymous_7)
FN:16,(anonymous_8)
FN:30,(anonymous_10)
FN:47,(anonymous_12)
FN:63,(anonymous_14)
FN:82,(anonymous_16)
FNF:6
FNH:6
FNDA:12,(anonymous_7)
FNDA:20,(anonymous_8)
FNDA:9,(anonymous_10)
FNDA:9,(anonymous_12)
FNDA:5,(anonymous_14)
FNDA:3,(anonymous_16)
DA:11,12
DA:18,20
DA:19,20
DA:20,17
DA:21,11
DA:23,6
DA:26,9
DA:31,9
DA:33,9
DA:34,9
DA:35,6
DA:36,6
DA:39,3
DA:40,3
DA:42,0
DA:48,9
DA:49,9
DA:50,9
DA:55,9
DA:56,9
DA:57,8
DA:59,1
DA:64,5
DA:65,5
DA:67,5
DA:68,1
DA:70,4
DA:71,3
DA:72,0
DA:74,3
DA:78,1
DA:83,3
DA:84,3
DA:87,3
DA:88,1
DA:90,2
DA:92,2
DA:93,2
DA:96,0
DA:101,4
LF:40
LH:37
BRDA:20,0,0,11
BRDA:20,0,1,6
BRDA:35,1,0,6
BRDA:39,2,0,3
BRDA:39,2,1,0
BRDA:67,3,0,1
BRDA:67,3,1,4
BRDA:71,4,0,0
BRDA:71,4,1,3
BRDA:87,5,0,1
BRDA:87,5,1,2
BRDA:92,6,0,0
BRF:12
BRH:9
end_of_record
TN:
SF:src\controllers\comments_controller.ts
FN:8,(anonymous_8)
FN:13,(anonymous_9)
FN:29,(anonymous_11)
FN:59,(anonymous_15)
FN:76,(anonymous_19)
FNF:5
FNH:5
FNDA:4,(anonymous_8)
FNDA:3,(anonymous_9)
FNDA:5,(anonymous_11)
FNDA:3,(anonymous_15)
FNDA:5,(anonymous_19)
DA:2,4
DA:3,4
DA:5,4
DA:9,4
DA:14,3
DA:15,3
DA:17,3
DA:18,2
DA:19,1
DA:21,1
DA:22,1
DA:25,1
DA:30,5
DA:32,5
DA:33,5
DA:34,3
DA:37,3
DA:39,2
DA:41,2
DA:42,1
DA:46,2
DA:49,3
DA:50,1
DA:51,2
DA:52,1
DA:54,1
DA:60,3
DA:62,3
DA:63,3
DA:64,1
DA:66,1
DA:68,2
DA:69,1
DA:71,1
DA:77,5
DA:79,5
DA:81,5
DA:83,4
DA:84,1
DA:86,3
DA:89,1
DA:94,4
LF:42
LH:42
BRDA:17,0,0,2
BRDA:17,0,1,1
BRDA:37,1,0,2
BRDA:41,2,0,1
BRDA:49,3,0,1
BRDA:49,3,1,2
BRDA:51,4,0,1
BRDA:51,4,1,1
BRDA:68,5,0,1
BRDA:68,5,1,1
BRDA:83,6,0,1
BRDA:83,6,1,3
BRF:12
BRH:12
end_of_record
TN:
SF:src\controllers\posts_controller.ts
FN:7,(anonymous_8)
FN:12,(anonymous_9)
FN:28,(anonymous_11)
FNF:3
FNH:3
FNDA:4,(anonymous_8)
FNDA:3,(anonymous_9)
FNDA:3,(anonymous_11)
DA:2,4
DA:3,4
DA:8,4
DA:13,3
DA:14,3
DA:16,3
DA:17,2
DA:18,1
DA:20,1
DA:21,1
DA:24,1
DA:29,3
DA:30,3
DA:31,3
DA:32,1
DA:34,1
DA:37,2
DA:38,1
DA:40,1
DA:46,4
LF:20
LH:20
BRDA:16,0,0,2
BRDA:16,0,1,1
BRDA:37,1,0,1
BRDA:37,1,1,1
BRF:4
BRH:4
end_of_record
TN:
SF:src\controllers\users_controller.ts
FN:9,(anonymous_8)
FN:13,(anonymous_9)
FN:22,(anonymous_11)
FN:33,(anonymous_14)
FNF:4
FNH:4
FNDA:4,(anonymous_8)
FNDA:2,(anonymous_9)
FNDA:3,(anonymous_11)
FNDA:3,(anonymous_14)
DA:2,4
DA:3,4
DA:6,4
DA:10,4
DA:14,2
DA:15,2
DA:16,1
DA:18,1
DA:23,3
DA:24,3
DA:25,3
DA:27,1
DA:28,1
DA:34,3
DA:35,3
DA:38,3
DA:39,3
DA:42,3
DA:44,1
DA:49,4
LF:20
LH:20
BRDA:27,0,0,1
BRDA:38,1,0,3
BRF:2
BRH:2
end_of_record
TN:
SF:src\models\comments_model.ts
FNF:0
FNH:0
DA:1,4
DA:9,4
DA:26,4
LF:3
LH:3
BRF:0
BRH:0
end_of_record
TN:
SF:src\models\posts_model.ts
FNF:0
FNH:0
DA:1,4
DA:9,4
DA:22,4
LF:3
LH:3
BRF:0
BRH:0
end_of_record
TN:
SF:src\models\users_model.ts
FNF:0
FNH:0
DA:1,4
DA:16,4
DA:60,4
LF:3
LH:3
BRF:0
BRH:0
end_of_record
TN:
SF:src\routes\auth_route.ts
FNF:0
FNH:0
DA:1,4
DA:2,4
DA:4,4
DA:78,4
DA:100,4
DA:119,4
DA:134,4
LF:7
LH:7
BRF:0
BRH:0
end_of_record
TN:
SF:src\routes\comments_route.ts
FNF:0
FNH:0
DA:1,4
DA:2,4
DA:3,4
DA:4,4
DA:69,4
DA:99,4
DA:138,4
DA:170,4
DA:217,4
LF:9
LH:9
BRF:0
BRH:0
end_of_record
TN:
SF:src\routes\posts_route.ts
FNF:0
FNH:0
DA:1,4
DA:2,4
DA:3,4
DA:5,4
DA:101,4
DA:129,4
DA:205,4
DA:251,4
LF:8
LH:8
BRF:0
BRH:0
end_of_record
TN:
SF:src\routes\users_route.ts
FNF:0
FNH:0
DA:1,4
DA:2,4
DA:3,4
DA:4,4
DA:93,4
DA:115,4
DA:162,4
DA:194,4
LF:8
LH:8
BRF:0
BRH:0
end_of_record
