TN:
SF:src\server.ts
FN:20,(anonymous_1)
FN:45,(anonymous_2)
FN:46,(anonymous_3)
FN:48,(anonymous_4)
FN:49,(anonymous_5)
FN:55,(anonymous_6)
FN:58,(anonymous_7)
FNF:7
FNH:4
FNDA:0,(anonymous_1)
FNDA:0,(anonymous_2)
FNDA:4,(anonymous_3)
FNDA:4,(anonymous_4)
FNDA:4,(anonymous_5)
FNDA:4,(anonymous_6)
FNDA:0,(anonymous_7)
DA:1,4
DA:2,4
DA:3,4
DA:4,4
DA:5,4
DA:6,4
DA:7,4
DA:8,4
DA:9,4
DA:10,4
DA:11,4
DA:13,4
DA:14,4
DA:15,4
DA:17,4
DA:18,4
DA:20,4
DA:21,0
DA:23,4
DA:24,4
DA:25,4
DA:26,4
DA:28,4
DA:40,4
DA:41,4
DA:44,4
DA:45,4
DA:46,4
DA:48,4
DA:49,4
DA:50,4
DA:51,0
DA:53,4
DA:56,4
DA:59,0
LF:35
LH:32
BRDA:50,0,0,0
BRDA:50,0,1,4
BRF:2
BRH:1
end_of_record
TN:
SF:src\controllers\auth_controller.ts
FN:7,(anonymous_8)
FN:7,(anonymous_9)
FN:27,(anonymous_10)
FN:52,(anonymous_11)
FN:52,(anonymous_12)
FN:97,(anonymous_13)
FN:98,(anonymous_14)
FN:109,(anonymous_15)
FN:109,(anonymous_16)
FN:129,(anonymous_17)
FN:141,(anonymous_18)
FN:141,(anonymous_19)
FN:171,(anonymous_20)
FN:171,(anonymous_21)
FN:181,(anonymous_22)
FN:194,(anonymous_23)
FNF:16
FNH:14
FNDA:8,(anonymous_8)
FNDA:8,(anonymous_9)
FNDA:8,(anonymous_10)
FNDA:8,(anonymous_11)
FNDA:8,(anonymous_12)
FNDA:4,(anonymous_13)
FNDA:4,(anonymous_14)
FNDA:4,(anonymous_15)
FNDA:4,(anonymous_16)
FNDA:4,(anonymous_17)
FNDA:4,(anonymous_18)
FNDA:4,(anonymous_19)
FNDA:0,(anonymous_20)
FNDA:0,(anonymous_21)
FNDA:47,(anonymous_22)
FNDA:46,(anonymous_23)
DA:2,4
DA:3,4
DA:4,4
DA:7,8
DA:8,8
DA:9,8
DA:10,8
DA:11,8
DA:12,7
DA:17,5
DA:19,3
DA:27,4
DA:28,8
DA:29,0
DA:32,8
DA:33,8
DA:40,8
DA:46,8
DA:52,8
DA:53,8
DA:54,8
DA:55,8
DA:56,1
DA:57,1
DA:59,7
DA:60,7
DA:61,1
DA:62,1
DA:64,6
DA:65,0
DA:66,0
DA:69,6
DA:70,6
DA:71,0
DA:72,0
DA:74,6
DA:75,0
DA:77,6
DA:80,6
DA:81,6
DA:87,0
DA:88,0
DA:97,4
DA:98,4
DA:100,4
DA:101,0
DA:102,0
DA:105,4
DA:106,0
DA:107,0
DA:109,4
DA:110,4
DA:111,0
DA:112,0
DA:115,4
DA:116,4
DA:118,4
DA:119,4
DA:120,0
DA:121,0
DA:123,4
DA:124,2
DA:125,2
DA:126,2
DA:127,2
DA:129,4
DA:130,2
DA:132,2
DA:134,0
DA:135,0
DA:141,4
DA:142,4
DA:143,4
DA:144,2
DA:145,0
DA:146,0
DA:148,2
DA:150,2
DA:151,0
DA:152,0
DA:154,2
DA:155,0
DA:157,2
DA:158,2
DA:159,2
DA:167,2
DA:171,4
DA:172,0
DA:173,0
DA:174,0
DA:175,0
DA:177,0
DA:181,4
DA:182,47
DA:183,47
DA:185,47
DA:186,1
DA:187,1
DA:189,46
DA:190,0
DA:191,0
DA:194,46
DA:195,46
DA:196,6
DA:197,6
DA:199,40
DA:200,40
LF:107
LH:77
BRDA:28,0,0,0
BRDA:28,1,0,8
BRDA:28,1,1,8
BRDA:55,2,0,1
BRDA:60,3,0,1
BRDA:64,4,0,0
BRDA:70,5,0,0
BRDA:74,6,0,0
BRDA:74,6,1,6
BRDA:100,7,0,0
BRDA:105,8,0,0
BRDA:110,9,0,0
BRDA:119,10,0,0
BRDA:123,11,0,2
BRDA:123,12,0,4
BRDA:123,12,1,4
BRDA:144,13,0,0
BRDA:150,14,0,0
BRDA:154,15,0,0
BRDA:183,16,0,47
BRDA:183,16,1,46
BRDA:185,17,0,1
BRDA:189,18,0,0
BRDA:195,19,0,6
BRF:24
BRH:12
end_of_record
TN:
SF:src\controllers\base_controller.ts
FN:10,(anonymous_7)
FN:16,(anonymous_8)
FN:30,(anonymous_10)
FN:47,(anonymous_12)
FN:63,(anonymous_14)
FN:82,(anonymous_16)
FNF:6
FNH:6
FNDA:12,(anonymous_7)
FNDA:24,(anonymous_8)
FNDA:13,(anonymous_10)
FNDA:6,(anonymous_12)
FNDA:4,(anonymous_14)
FNDA:3,(anonymous_16)
DA:11,12
DA:17,24
DA:18,24
DA:19,21
DA:20,16
DA:22,5
DA:26,8
DA:31,13
DA:33,13
DA:34,13
DA:35,10
DA:36,10
DA:39,3
DA:40,3
DA:42,0
DA:48,6
DA:49,6
DA:50,6
DA:55,6
DA:56,6
DA:57,5
DA:59,1
DA:64,4
DA:65,4
DA:67,4
DA:68,1
DA:70,3
DA:71,3
DA:72,0
DA:74,3
DA:78,0
DA:83,3
DA:84,3
DA:87,3
DA:88,1
DA:90,2
DA:92,2
DA:93,2
DA:96,0
DA:101,4
LF:40
LH:36
BRDA:19,0,0,16
BRDA:19,0,1,5
BRDA:35,1,0,10
BRDA:39,2,0,3
BRDA:39,2,1,0
BRDA:67,3,0,1
BRDA:67,3,1,3
BRDA:71,4,0,0
BRDA:71,4,1,3
BRDA:87,5,0,1
BRDA:87,5,1,2
BRDA:92,6,0,0
BRF:12
BRH:9
end_of_record
TN:
SF:src\controllers\comments_controller.ts
FN:9,(anonymous_8)
FN:14,(anonymous_9)
FN:30,(anonymous_11)
FN:60,(anonymous_15)
FN:77,(anonymous_19)
FNF:5
FNH:5
FNDA:4,(anonymous_8)
FNDA:3,(anonymous_9)
FNDA:5,(anonymous_11)
FNDA:4,(anonymous_15)
FNDA:3,(anonymous_19)
DA:2,4
DA:3,4
DA:5,4
DA:10,4
DA:15,3
DA:16,3
DA:18,3
DA:19,2
DA:20,1
DA:22,1
DA:23,1
DA:26,1
DA:31,5
DA:33,5
DA:34,5
DA:35,3
DA:38,3
DA:40,2
DA:42,2
DA:43,1
DA:47,2
DA:50,3
DA:51,1
DA:52,2
DA:53,1
DA:55,1
DA:61,4
DA:63,4
DA:64,4
DA:65,2
DA:67,2
DA:69,2
DA:70,1
DA:72,1
DA:78,3
DA:80,3
DA:82,3
DA:84,3
DA:85,1
DA:87,2
DA:90,0
DA:95,4
LF:42
LH:41
BRDA:18,0,0,2
BRDA:18,0,1,1
BRDA:38,1,0,2
BRDA:42,2,0,1
BRDA:50,3,0,1
BRDA:50,3,1,2
BRDA:52,4,0,1
BRDA:52,4,1,1
BRDA:69,5,0,1
BRDA:69,5,1,1
BRDA:84,6,0,1
BRDA:84,6,1,2
BRF:12
BRH:12
end_of_record
TN:
SF:src\controllers\posts_controller.ts
FN:7,(anonymous_8)
FN:12,(anonymous_9)
FN:28,(anonymous_11)
FNF:3
FNH:3
FNDA:4,(anonymous_8)
FNDA:3,(anonymous_9)
FNDA:2,(anonymous_11)
DA:2,4
DA:3,4
DA:8,4
DA:13,3
DA:14,3
DA:16,3
DA:17,2
DA:18,1
DA:20,1
DA:21,1
DA:24,1
DA:29,2
DA:30,2
DA:31,2
DA:32,1
DA:34,1
DA:37,1
DA:38,0
DA:40,1
DA:48,4
LF:20
LH:19
BRDA:16,0,0,2
BRDA:16,0,1,1
BRDA:37,1,0,0
BRDA:37,1,1,1
BRF:4
BRH:3
end_of_record
TN:
SF:src\controllers\users_controller.ts
FN:9,(anonymous_8)
FN:13,(anonymous_9)
FN:22,(anonymous_11)
FN:31,(anonymous_14)
FNF:4
FNH:4
FNDA:4,(anonymous_8)
FNDA:1,(anonymous_9)
FNDA:1,(anonymous_11)
FNDA:1,(anonymous_14)
DA:2,4
DA:3,4
DA:10,4
DA:14,1
DA:15,1
DA:16,1
DA:18,0
DA:23,1
DA:24,1
DA:25,1
DA:27,0
DA:32,1
DA:33,1
DA:34,1
DA:36,0
DA:41,4
LF:16
LH:13
BRF:0
BRH:0
end_of_record
TN:
SF:src\models\comments_model.ts
FNF:0
FNH:0
DA:1,4
DA:9,4
DA:26,4
LF:3
LH:3
BRF:0
BRH:0
end_of_record
TN:
SF:src\models\posts_model.ts
FNF:0
FNH:0
DA:1,4
DA:9,4
DA:22,4
LF:3
LH:3
BRF:0
BRH:0
end_of_record
TN:
SF:src\models\users_model.ts
FNF:0
FNH:0
DA:1,4
DA:16,4
DA:60,4
LF:3
LH:3
BRF:0
BRH:0
end_of_record
TN:
SF:src\routes\auth_route.ts
FNF:0
FNH:0
DA:1,4
DA:2,4
DA:4,4
DA:78,4
DA:100,4
DA:119,4
DA:134,4
LF:7
LH:7
BRF:0
BRH:0
end_of_record
TN:
SF:src\routes\comments_route.ts
FNF:0
FNH:0
DA:1,4
DA:2,4
DA:3,4
DA:4,4
DA:69,4
DA:99,4
DA:138,4
DA:170,4
DA:217,4
LF:9
LH:9
BRF:0
BRH:0
end_of_record
TN:
SF:src\routes\posts_route.ts
FNF:0
FNH:0
DA:1,4
DA:2,4
DA:3,4
DA:5,4
DA:101,4
DA:129,4
DA:205,4
DA:251,4
LF:8
LH:8
BRF:0
BRH:0
end_of_record
TN:
SF:src\routes\users_route.ts
FNF:0
FNH:0
DA:1,4
DA:2,4
DA:3,4
DA:4,4
DA:93,4
DA:115,4
DA:162,4
DA:194,4
LF:8
LH:8
BRF:0
BRH:0
end_of_record
